<?xml version="1.0" encoding="UTF-8"?>
<!-- Generated by org.testng.reporters.JUnitReportReporter -->
<testsuite hostname="LAPTOP-7EMKMG6S" failures="0" tests="1" name="CRUDwithBDD.createProjectTest" time="1.842" errors="0" timestamp="2022-11-21T16:47:31 IST" skipped="0">
  <testcase classname="CRUDwithBDD.createProjectTest" name="createProject" time="1.842"/>
  <system-out/>
</testsuite> <!-- CRUDwithBDD.createProjectTest -->
