<?xml version="1.0" encoding="UTF-8"?>
<!-- Generated by org.testng.reporters.JUnitReportReporter -->
<testsuite hostname="LAPTOP-7EMKMG6S" failures="0" tests="1" name="rmg.yantra.parameters.PathParametertest" time="1.503" errors="0" timestamp="2022-11-22T15:21:51 IST" skipped="0">
  <testcase classname="rmg.yantra.parameters.PathParametertest" name="pathParameter" time="1.503"/>
  <system-out/>
</testsuite> <!-- rmg.yantra.parameters.PathParametertest -->
