<?xml version="1.0" encoding="UTF-8"?>
<!-- Generated by org.testng.reporters.JUnitReportReporter -->
<testsuite hostname="LAPTOP-7EMKMG6S" failures="0" tests="1" name="com.rmgYanttaCRUDOperationWithoutBDD.createProjectTest" time="2.214" errors="0" timestamp="2022-11-29T14:40:26 IST" skipped="0">
  <testcase classname="com.rmgYanttaCRUDOperationWithoutBDD.createProjectTest" name="createProject" time="2.214"/>
  <system-out/>
</testsuite> <!-- com.rmgYanttaCRUDOperationWithoutBDD.createProjectTest -->
