<?xml version="1.0" encoding="UTF-8"?>
<!-- Generated by org.testng.reporters.JUnitReportReporter -->
<testsuite hostname="LAPTOP-7EMKMG6S" failures="0" tests="1" name="com.Validation.ResponseTimeValidationTest" time="2.191" errors="0" timestamp="2022-11-22T16:16:49 IST" skipped="0">
  <testcase classname="com.Validation.ResponseTimeValidationTest" name="responsevaltest" time="2.191"/>
  <system-out/>
</testsuite> <!-- com.Validation.ResponseTimeValidationTest -->
