<?xml version="1.0" encoding="UTF-8"?>
<!-- Generated by org.testng.reporters.JUnitReportReporter -->
<testsuite hostname="LAPTOP-7EMKMG6S" failures="0" tests="1" name="CRUDwithBDD.GettingProjectTest" time="1.576" errors="0" timestamp="2022-11-29T15:31:38 IST" skipped="0">
  <testcase classname="CRUDwithBDD.GettingProjectTest" name="gettingProject" time="1.576"/>
  <system-out/>
</testsuite> <!-- CRUDwithBDD.GettingProjectTest -->
