<?xml version="1.0" encoding="UTF-8"?>
<!-- Generated by org.testng.reporters.JUnitReportReporter -->
<testsuite hostname="LAPTOP-7EMKMG6S" failures="0" tests="1" name="com.Validation.DynamicValidationTest" time="2.004" errors="0" timestamp="2022-11-22T16:03:55 IST" skipped="0">
  <testcase classname="com.Validation.DynamicValidationTest" name="dynamicTest" time="2.004"/>
  <system-out/>
</testsuite> <!-- com.Validation.DynamicValidationTest -->
