<?xml version="1.0" encoding="UTF-8"?>
<!-- Generated by org.testng.reporters.JUnitReportReporter -->
<testsuite hostname="LAPTOP-7EMKMG6S" failures="0" tests="1" name="com.Authentication.BasicAuthTest" time="1.764" errors="0" timestamp="2022-11-29T14:39:45 IST" skipped="0">
  <testcase classname="com.Authentication.BasicAuthTest" name="basicAuth" time="1.764"/>
  <system-out/>
</testsuite> <!-- com.Authentication.BasicAuthTest -->
