<?xml version="1.0" encoding="UTF-8"?>
<!-- Generated by org.testng.reporters.JUnitReportReporter -->
<testsuite hostname="LAPTOP-7EMKMG6S" failures="0" tests="1" name="com.Validation.SaticValidationTest" time="2.013" errors="0" timestamp="2022-11-22T15:34:10 IST" skipped="0">
  <testcase classname="com.Validation.SaticValidationTest" name="validationTest" time="2.013"/>
  <system-out/>
</testsuite> <!-- com.Validation.SaticValidationTest -->
