<?xml version="1.0" encoding="UTF-8"?>
<!-- Generated by org.testng.reporters.JUnitReportReporter -->
<testsuite hostname="LAPTOP-7EMKMG6S" failures="0" tests="1" name="com.Authentication.BareerTokenTest" time="2.599" errors="0" timestamp="2022-11-29T14:39:21 IST" skipped="0">
  <testcase classname="com.Authentication.BareerTokenTest" name="bareerToken" time="2.599"/>
  <system-out/>
</testsuite> <!-- com.Authentication.BareerTokenTest -->
