<?xml version="1.0" encoding="UTF-8"?>
<!-- Generated by org.testng.reporters.JUnitReportReporter -->
<testsuite hostname="LAPTOP-7EMKMG6S" failures="0" tests="1" name="com.rmgYanttaCRUDOperationWithoutBDD.GettingProjectTest" time="1.483" errors="0" timestamp="2022-11-29T14:41:01 IST" skipped="0">
  <testcase classname="com.rmgYanttaCRUDOperationWithoutBDD.GettingProjectTest" name="getProject" time="1.483"/>
  <system-out/>
</testsuite> <!-- com.rmgYanttaCRUDOperationWithoutBDD.GettingProjectTest -->
