<?xml version="1.0" encoding="UTF-8"?>
<!-- Generated by org.testng.reporters.JUnitReportReporter -->
<testsuite hostname="LAPTOP-7EMKMG6S" failures="0" tests="1" name="com.Authentication.OATH2Test" time="3.052" errors="0" timestamp="2022-11-23T12:53:13 IST" skipped="0">
  <testcase classname="com.Authentication.OATH2Test" name="oAuth" time="3.052"/>
  <system-out/>
</testsuite> <!-- com.Authentication.OATH2Test -->
