<?xml version="1.0" encoding="UTF-8"?>
<!-- Generated by org.testng.reporters.JUnitReportReporter -->
<testsuite hostname="LAPTOP-7EMKMG6S" failures="0" tests="1" name="rmg.yantra.parameters.QueryParameterTest" time="2.807" errors="0" timestamp="2022-11-22T15:20:52 IST" skipped="0">
  <testcase classname="rmg.yantra.parameters.QueryParameterTest" name="queryParameter" time="2.807"/>
  <system-out/>
</testsuite> <!-- rmg.yantra.parameters.QueryParameterTest -->
