<?xml version="1.0" encoding="UTF-8"?>
<!-- Generated by org.testng.reporters.JUnitReportReporter -->
<testsuite hostname="LAPTOP-7EMKMG6S" failures="0" tests="1" name="DifferentWaystoPost.PojoRequestTest" time="1.676" errors="0" timestamp="2022-11-22T14:21:46 IST" skipped="0">
  <testcase classname="DifferentWaystoPost.PojoRequestTest" name="pojoRequest" time="1.676"/>
  <system-out/>
</testsuite> <!-- DifferentWaystoPost.PojoRequestTest -->
